{"/Users/sidhantsharma/Desktop/DPS LAB/fragments/src/app.js": {"path":"/Users/sidhantsharma/Desktop/DPS LAB/fragments/src/app.js","statementMap":{"0":{"start":{"line":1,"column":16},"end":{"line":1,"column":34}},"1":{"start":{"line":2,"column":13},"end":{"line":2,"column":28}},"2":{"start":{"line":3,"column":15},"end":{"line":3,"column":32}},"3":{"start":{"line":4,"column":20},"end":{"line":4,"column":42}},"4":{"start":{"line":5,"column":17},"end":{"line":5,"column":36}},"5":{"start":{"line":6,"column":21},"end":{"line":6,"column":38}},"6":{"start":{"line":7,"column":15},"end":{"line":7,"column":34}},"7":{"start":{"line":8,"column":13},"end":{"line":11,"column":2}},"8":{"start":{"line":14,"column":12},"end":{"line":14,"column":21}},"9":{"start":{"line":17,"column":0},"end":{"line":17,"column":14}},"10":{"start":{"line":20,"column":0},"end":{"line":20,"column":18}},"11":{"start":{"line":23,"column":0},"end":{"line":23,"column":16}},"12":{"start":{"line":26,"column":0},"end":{"line":26,"column":23}},"13":{"start":{"line":29,"column":0},"end":{"line":29,"column":38}},"14":{"start":{"line":30,"column":0},"end":{"line":30,"column":31}},"15":{"start":{"line":36,"column":0},"end":{"line":36,"column":34}},"16":{"start":{"line":39,"column":0},"end":{"line":47,"column":3}},"17":{"start":{"line":40,"column":2},"end":{"line":46,"column":5}},"18":{"start":{"line":51,"column":0},"end":{"line":69,"column":3}},"19":{"start":{"line":54,"column":17},"end":{"line":54,"column":34}},"20":{"start":{"line":55,"column":18},"end":{"line":55,"column":60}},"21":{"start":{"line":58,"column":2},"end":{"line":60,"column":3}},"22":{"start":{"line":59,"column":4},"end":{"line":59,"column":54}},"23":{"start":{"line":62,"column":2},"end":{"line":68,"column":5}},"24":{"start":{"line":72,"column":0},"end":{"line":72,"column":21}}},"fnMap":{"0":{"name":"(anonymous_0)","decl":{"start":{"line":39,"column":8},"end":{"line":39,"column":9}},"loc":{"start":{"line":39,"column":22},"end":{"line":47,"column":1}},"line":39},"1":{"name":"(anonymous_1)","decl":{"start":{"line":51,"column":8},"end":{"line":51,"column":9}},"loc":{"start":{"line":51,"column":33},"end":{"line":69,"column":1}},"line":51}},"branchMap":{"0":{"loc":{"start":{"line":54,"column":17},"end":{"line":54,"column":34}},"type":"binary-expr","locations":[{"start":{"line":54,"column":17},"end":{"line":54,"column":27}},{"start":{"line":54,"column":31},"end":{"line":54,"column":34}}],"line":54},"1":{"loc":{"start":{"line":55,"column":18},"end":{"line":55,"column":60}},"type":"binary-expr","locations":[{"start":{"line":55,"column":18},"end":{"line":55,"column":29}},{"start":{"line":55,"column":33},"end":{"line":55,"column":60}}],"line":55},"2":{"loc":{"start":{"line":58,"column":2},"end":{"line":60,"column":3}},"type":"if","locations":[{"start":{"line":58,"column":2},"end":{"line":60,"column":3}},{"start":{},"end":{}}],"line":58}},"s":{"0":4,"1":4,"2":4,"3":4,"4":4,"5":4,"6":4,"7":4,"8":4,"9":4,"10":4,"11":4,"12":4,"13":4,"14":4,"15":4,"16":4,"17":1,"18":4,"19":0,"20":0,"21":0,"22":0,"23":0,"24":4},"f":{"0":1,"1":0},"b":{"0":[0,0],"1":[0,0],"2":[0,0]},"_coverageSchema":"1a1c01bbd47fc00a2c39e90264f33305004495a9","hash":"721e5a57c0f561c8161cbdd29712d4a2d2dce08d"}
,"/Users/sidhantsharma/Desktop/DPS LAB/fragments/src/hash.js": {"path":"/Users/sidhantsharma/Desktop/DPS LAB/fragments/src/hash.js","statementMap":{"0":{"start":{"line":16,"column":15},"end":{"line":16,"column":32}},"1":{"start":{"line":22,"column":0},"end":{"line":22,"column":84}},"2":{"start":{"line":22,"column":28},"end":{"line":22,"column":83}}},"fnMap":{"0":{"name":"(anonymous_0)","decl":{"start":{"line":22,"column":17},"end":{"line":22,"column":18}},"loc":{"start":{"line":22,"column":28},"end":{"line":22,"column":83}},"line":22}},"branchMap":{},"s":{"0":5,"1":5,"2":8},"f":{"0":8},"b":{},"_coverageSchema":"1a1c01bbd47fc00a2c39e90264f33305004495a9","hash":"1058540044376a11336c51e5952bee1a58693a64"}
,"/Users/sidhantsharma/Desktop/DPS LAB/fragments/src/logger.js": {"path":"/Users/sidhantsharma/Desktop/DPS LAB/fragments/src/logger.js","statementMap":{"0":{"start":{"line":2,"column":16},"end":{"line":2,"column":34}},"1":{"start":{"line":5,"column":16},"end":{"line":5,"column":58}},"2":{"start":{"line":8,"column":0},"end":{"line":16,"column":1}},"3":{"start":{"line":10,"column":2},"end":{"line":15,"column":4}},"4":{"start":{"line":20,"column":0},"end":{"line":20,"column":42}}},"fnMap":{},"branchMap":{"0":{"loc":{"start":{"line":5,"column":25},"end":{"line":5,"column":56}},"type":"binary-expr","locations":[{"start":{"line":5,"column":25},"end":{"line":5,"column":46}},{"start":{"line":5,"column":50},"end":{"line":5,"column":56}}],"line":5},"1":{"loc":{"start":{"line":8,"column":0},"end":{"line":16,"column":1}},"type":"if","locations":[{"start":{"line":8,"column":0},"end":{"line":16,"column":1}},{"start":{},"end":{}}],"line":8}},"s":{"0":4,"1":4,"2":4,"3":0,"4":4},"f":{},"b":{"0":[4,0],"1":[0,4]},"_coverageSchema":"1a1c01bbd47fc00a2c39e90264f33305004495a9","hash":"410c8ca27a12744b9edd3270477879d57bd28081"}
,"/Users/sidhantsharma/Desktop/DPS LAB/fragments/src/response.js": {"path":"/Users/sidhantsharma/Desktop/DPS LAB/fragments/src/response.js","statementMap":{"0":{"start":{"line":12,"column":0},"end":{"line":19,"column":4}},"1":{"start":{"line":13,"column":4},"end":{"line":18,"column":6}},"2":{"start":{"line":33,"column":2},"end":{"line":41,"column":4}},"3":{"start":{"line":34,"column":4},"end":{"line":40,"column":6}}},"fnMap":{"0":{"name":"(anonymous_0)","decl":{"start":{"line":12,"column":39},"end":{"line":12,"column":40}},"loc":{"start":{"line":12,"column":55},"end":{"line":19,"column":3}},"line":12},"1":{"name":"(anonymous_1)","decl":{"start":{"line":33,"column":39},"end":{"line":33,"column":40}},"loc":{"start":{"line":33,"column":64},"end":{"line":41,"column":3}},"line":33}},"branchMap":{},"s":{"0":5,"1":3,"2":5,"3":4},"f":{"0":3,"1":4},"b":{},"_coverageSchema":"1a1c01bbd47fc00a2c39e90264f33305004495a9","hash":"deff390cce716780868dd941d866313ce12cf140"}
,"/Users/sidhantsharma/Desktop/DPS LAB/fragments/src/auth/auth-middleware.js": {"path":"/Users/sidhantsharma/Desktop/DPS LAB/fragments/src/auth/auth-middleware.js","statementMap":{"0":{"start":{"line":1,"column":17},"end":{"line":1,"column":36}},"1":{"start":{"line":3,"column":32},"end":{"line":3,"column":54}},"2":{"start":{"line":4,"column":13},"end":{"line":4,"column":31}},"3":{"start":{"line":5,"column":15},"end":{"line":5,"column":35}},"4":{"start":{"line":11,"column":0},"end":{"line":43,"column":2}},"5":{"start":{"line":12,"column":2},"end":{"line":42,"column":4}},"6":{"start":{"line":21,"column":6},"end":{"line":24,"column":7}},"7":{"start":{"line":22,"column":8},"end":{"line":22,"column":58}},"8":{"start":{"line":23,"column":8},"end":{"line":23,"column":77}},"9":{"start":{"line":27,"column":6},"end":{"line":29,"column":7}},"10":{"start":{"line":28,"column":8},"end":{"line":28,"column":78}},"11":{"start":{"line":32,"column":6},"end":{"line":32,"column":29}},"12":{"start":{"line":33,"column":6},"end":{"line":33,"column":68}},"13":{"start":{"line":36,"column":6},"end":{"line":36,"column":13}},"14":{"start":{"line":41,"column":4},"end":{"line":41,"column":86}}},"fnMap":{"0":{"name":"(anonymous_0)","decl":{"start":{"line":11,"column":17},"end":{"line":11,"column":18}},"loc":{"start":{"line":11,"column":35},"end":{"line":43,"column":1}},"line":11},"1":{"name":"(anonymous_1)","decl":{"start":{"line":12,"column":9},"end":{"line":12,"column":10}},"loc":{"start":{"line":12,"column":35},"end":{"line":42,"column":3}},"line":12},"2":{"name":"callback","decl":{"start":{"line":19,"column":13},"end":{"line":19,"column":21}},"loc":{"start":{"line":19,"column":34},"end":{"line":37,"column":5}},"line":19}},"branchMap":{"0":{"loc":{"start":{"line":21,"column":6},"end":{"line":24,"column":7}},"type":"if","locations":[{"start":{"line":21,"column":6},"end":{"line":24,"column":7}},{"start":{},"end":{}}],"line":21},"1":{"loc":{"start":{"line":27,"column":6},"end":{"line":29,"column":7}},"type":"if","locations":[{"start":{"line":27,"column":6},"end":{"line":29,"column":7}},{"start":{},"end":{}}],"line":27}},"s":{"0":4,"1":4,"2":4,"3":4,"4":4,"5":4,"6":8,"7":0,"8":0,"9":8,"10":3,"11":5,"12":5,"13":5,"14":8},"f":{"0":4,"1":8,"2":8},"b":{"0":[0,8],"1":[3,5]},"_coverageSchema":"1a1c01bbd47fc00a2c39e90264f33305004495a9","hash":"8c31a18c52e2d4902ee940494849b653e467544a"}
,"/Users/sidhantsharma/Desktop/DPS LAB/fragments/src/auth/basic-auth.js": {"path":"/Users/sidhantsharma/Desktop/DPS LAB/fragments/src/auth/basic-auth.js","statementMap":{"0":{"start":{"line":6,"column":13},"end":{"line":6,"column":33}},"1":{"start":{"line":7,"column":17},"end":{"line":7,"column":36}},"2":{"start":{"line":8,"column":21},"end":{"line":8,"column":50}},"3":{"start":{"line":9,"column":18},"end":{"line":9,"column":46}},"4":{"start":{"line":12,"column":0},"end":{"line":14,"column":1}},"5":{"start":{"line":13,"column":2},"end":{"line":13,"column":61}},"6":{"start":{"line":16,"column":0},"end":{"line":23,"column":4}},"7":{"start":{"line":19,"column":2},"end":{"line":23,"column":3}},"8":{"start":{"line":25,"column":0},"end":{"line":25,"column":86}},"9":{"start":{"line":25,"column":36},"end":{"line":25,"column":85}},"10":{"start":{"line":27,"column":0},"end":{"line":27,"column":54}},"11":{"start":{"line":27,"column":36},"end":{"line":27,"column":53}}},"fnMap":{"0":{"name":"(anonymous_0)","decl":{"start":{"line":16,"column":26},"end":{"line":16,"column":27}},"loc":{"start":{"line":19,"column":2},"end":{"line":23,"column":3}},"line":19},"1":{"name":"(anonymous_1)","decl":{"start":{"line":25,"column":30},"end":{"line":25,"column":31}},"loc":{"start":{"line":25,"column":36},"end":{"line":25,"column":85}},"line":25},"2":{"name":"(anonymous_2)","decl":{"start":{"line":27,"column":30},"end":{"line":27,"column":31}},"loc":{"start":{"line":27,"column":36},"end":{"line":27,"column":53}},"line":27}},"branchMap":{"0":{"loc":{"start":{"line":12,"column":0},"end":{"line":14,"column":1}},"type":"if","locations":[{"start":{"line":12,"column":0},"end":{"line":14,"column":1}},{"start":{},"end":{}}],"line":12}},"s":{"0":4,"1":4,"2":4,"3":4,"4":4,"5":0,"6":4,"7":4,"8":4,"9":0,"10":4,"11":4},"f":{"0":4,"1":0,"2":4},"b":{"0":[0,4]},"_coverageSchema":"1a1c01bbd47fc00a2c39e90264f33305004495a9","hash":"d25f3683755ef243e8cba9155620221d308d5d41"}
,"/Users/sidhantsharma/Desktop/DPS LAB/fragments/src/auth/index.js": {"path":"/Users/sidhantsharma/Desktop/DPS LAB/fragments/src/auth/index.js","statementMap":{"0":{"start":{"line":4,"column":0},"end":{"line":14,"column":3}},"1":{"start":{"line":5,"column":4},"end":{"line":5,"column":42}},"2":{"start":{"line":8,"column":7},"end":{"line":14,"column":3}},"3":{"start":{"line":9,"column":4},"end":{"line":9,"column":45}},"4":{"start":{"line":13,"column":4},"end":{"line":13,"column":78}}},"fnMap":{},"branchMap":{"0":{"loc":{"start":{"line":4,"column":0},"end":{"line":14,"column":3}},"type":"if","locations":[{"start":{"line":4,"column":0},"end":{"line":14,"column":3}},{"start":{"line":8,"column":7},"end":{"line":14,"column":3}}],"line":4},"1":{"loc":{"start":{"line":4,"column":4},"end":{"line":4,"column":72}},"type":"binary-expr","locations":[{"start":{"line":4,"column":4},"end":{"line":4,"column":35}},{"start":{"line":4,"column":39},"end":{"line":4,"column":72}}],"line":4},"2":{"loc":{"start":{"line":8,"column":7},"end":{"line":14,"column":3}},"type":"if","locations":[{"start":{"line":8,"column":7},"end":{"line":14,"column":3}},{"start":{"line":12,"column":7},"end":{"line":14,"column":3}}],"line":8},"3":{"loc":{"start":{"line":8,"column":11},"end":{"line":8,"column":73}},"type":"binary-expr","locations":[{"start":{"line":8,"column":11},"end":{"line":8,"column":36}},{"start":{"line":8,"column":40},"end":{"line":8,"column":73}}],"line":8}},"s":{"0":4,"1":0,"2":4,"3":4,"4":0},"f":{},"b":{"0":[0,4],"1":[4,0],"2":[4,0],"3":[4,4]},"_coverageSchema":"1a1c01bbd47fc00a2c39e90264f33305004495a9","hash":"13f6f59b93081e540695e983eca3100a71c1cb73"}
,"/Users/sidhantsharma/Desktop/DPS LAB/fragments/src/model/fragment.js": {"path":"/Users/sidhantsharma/Desktop/DPS LAB/fragments/src/model/fragment.js","statementMap":{"0":{"start":{"line":3,"column":23},"end":{"line":3,"column":40}},"1":{"start":{"line":4,"column":20},"end":{"line":4,"column":43}},"2":{"start":{"line":12,"column":4},"end":{"line":12,"column":21}},"3":{"start":{"line":24,"column":4},"end":{"line":26,"column":5}},"4":{"start":{"line":25,"column":6},"end":{"line":25,"column":55}},"5":{"start":{"line":29,"column":4},"end":{"line":31,"column":5}},"6":{"start":{"line":30,"column":6},"end":{"line":30,"column":38}},"7":{"start":{"line":34,"column":4},"end":{"line":36,"column":5}},"8":{"start":{"line":35,"column":6},"end":{"line":35,"column":60}},"9":{"start":{"line":38,"column":4},"end":{"line":38,"column":17}},"10":{"start":{"line":39,"column":4},"end":{"line":39,"column":27}},"11":{"start":{"line":40,"column":4},"end":{"line":40,"column":51}},"12":{"start":{"line":41,"column":4},"end":{"line":41,"column":51}},"13":{"start":{"line":42,"column":4},"end":{"line":42,"column":21}},"14":{"start":{"line":43,"column":4},"end":{"line":43,"column":21}},"15":{"start":{"line":47,"column":4},"end":{"line":47,"column":42}},"16":{"start":{"line":51,"column":21},"end":{"line":51,"column":52}},"17":{"start":{"line":52,"column":4},"end":{"line":54,"column":5}},"18":{"start":{"line":53,"column":6},"end":{"line":53,"column":44}},"19":{"start":{"line":55,"column":4},"end":{"line":55,"column":20}},"20":{"start":{"line":59,"column":4},"end":{"line":59,"column":39}},"21":{"start":{"line":63,"column":4},"end":{"line":63,"column":44}},"22":{"start":{"line":64,"column":4},"end":{"line":64,"column":31}},"23":{"start":{"line":68,"column":4},"end":{"line":68,"column":51}},"24":{"start":{"line":72,"column":4},"end":{"line":72,"column":28}},"25":{"start":{"line":73,"column":4},"end":{"line":73,"column":44}},"26":{"start":{"line":74,"column":4},"end":{"line":74,"column":57}},"27":{"start":{"line":78,"column":21},"end":{"line":78,"column":49}},"28":{"start":{"line":79,"column":4},"end":{"line":79,"column":16}},"29":{"start":{"line":83,"column":4},"end":{"line":83,"column":45}},"30":{"start":{"line":87,"column":4},"end":{"line":87,"column":64}},"31":{"start":{"line":92,"column":4},"end":{"line":98,"column":5}},"32":{"start":{"line":93,"column":23},"end":{"line":93,"column":47}},"33":{"start":{"line":94,"column":6},"end":{"line":94,"column":56}},"34":{"start":{"line":97,"column":6},"end":{"line":97,"column":19}},"35":{"start":{"line":102,"column":0},"end":{"line":102,"column":35}}},"fnMap":{"0":{"name":"(anonymous_0)","decl":{"start":{"line":15,"column":2},"end":{"line":15,"column":3}},"loc":{"start":{"line":22,"column":5},"end":{"line":44,"column":3}},"line":22},"1":{"name":"(anonymous_1)","decl":{"start":{"line":46,"column":2},"end":{"line":46,"column":3}},"loc":{"start":{"line":46,"column":47},"end":{"line":48,"column":3}},"line":46},"2":{"name":"(anonymous_2)","decl":{"start":{"line":50,"column":2},"end":{"line":50,"column":3}},"loc":{"start":{"line":50,"column":33},"end":{"line":56,"column":3}},"line":50},"3":{"name":"(anonymous_3)","decl":{"start":{"line":58,"column":2},"end":{"line":58,"column":3}},"loc":{"start":{"line":58,"column":29},"end":{"line":60,"column":3}},"line":58},"4":{"name":"(anonymous_4)","decl":{"start":{"line":62,"column":2},"end":{"line":62,"column":3}},"loc":{"start":{"line":62,"column":15},"end":{"line":65,"column":3}},"line":62},"5":{"name":"(anonymous_5)","decl":{"start":{"line":67,"column":2},"end":{"line":67,"column":3}},"loc":{"start":{"line":67,"column":12},"end":{"line":69,"column":3}},"line":67},"6":{"name":"(anonymous_6)","decl":{"start":{"line":71,"column":2},"end":{"line":71,"column":3}},"loc":{"start":{"line":71,"column":22},"end":{"line":75,"column":3}},"line":71},"7":{"name":"(anonymous_7)","decl":{"start":{"line":77,"column":2},"end":{"line":77,"column":3}},"loc":{"start":{"line":77,"column":17},"end":{"line":80,"column":3}},"line":77},"8":{"name":"(anonymous_8)","decl":{"start":{"line":82,"column":2},"end":{"line":82,"column":3}},"loc":{"start":{"line":82,"column":15},"end":{"line":84,"column":3}},"line":82},"9":{"name":"(anonymous_9)","decl":{"start":{"line":86,"column":2},"end":{"line":86,"column":3}},"loc":{"start":{"line":86,"column":16},"end":{"line":88,"column":3}},"line":86},"10":{"name":"(anonymous_10)","decl":{"start":{"line":90,"column":2},"end":{"line":90,"column":3}},"loc":{"start":{"line":90,"column":32},"end":{"line":99,"column":3}},"line":90}},"branchMap":{"0":{"loc":{"start":{"line":16,"column":4},"end":{"line":16,"column":21}},"type":"default-arg","locations":[{"start":{"line":16,"column":9},"end":{"line":16,"column":21}}],"line":16},"1":{"loc":{"start":{"line":18,"column":4},"end":{"line":18,"column":24}},"type":"default-arg","locations":[{"start":{"line":18,"column":14},"end":{"line":18,"column":24}}],"line":18},"2":{"loc":{"start":{"line":19,"column":4},"end":{"line":19,"column":24}},"type":"default-arg","locations":[{"start":{"line":19,"column":14},"end":{"line":19,"column":24}}],"line":19},"3":{"loc":{"start":{"line":21,"column":4},"end":{"line":21,"column":12}},"type":"default-arg","locations":[{"start":{"line":21,"column":11},"end":{"line":21,"column":12}}],"line":21},"4":{"loc":{"start":{"line":24,"column":4},"end":{"line":26,"column":5}},"type":"if","locations":[{"start":{"line":24,"column":4},"end":{"line":26,"column":5}},{"start":{},"end":{}}],"line":24},"5":{"loc":{"start":{"line":24,"column":8},"end":{"line":24,"column":25}},"type":"binary-expr","locations":[{"start":{"line":24,"column":8},"end":{"line":24,"column":16}},{"start":{"line":24,"column":20},"end":{"line":24,"column":25}}],"line":24},"6":{"loc":{"start":{"line":29,"column":4},"end":{"line":31,"column":5}},"type":"if","locations":[{"start":{"line":29,"column":4},"end":{"line":31,"column":5}},{"start":{},"end":{}}],"line":29},"7":{"loc":{"start":{"line":34,"column":4},"end":{"line":36,"column":5}},"type":"if","locations":[{"start":{"line":34,"column":4},"end":{"line":36,"column":5}},{"start":{},"end":{}}],"line":34},"8":{"loc":{"start":{"line":34,"column":8},"end":{"line":34,"column":44}},"type":"binary-expr","locations":[{"start":{"line":34,"column":8},"end":{"line":34,"column":32}},{"start":{"line":34,"column":36},"end":{"line":34,"column":44}}],"line":34},"9":{"loc":{"start":{"line":46,"column":31},"end":{"line":46,"column":45}},"type":"default-arg","locations":[{"start":{"line":46,"column":40},"end":{"line":46,"column":45}}],"line":46},"10":{"loc":{"start":{"line":52,"column":4},"end":{"line":54,"column":5}},"type":"if","locations":[{"start":{"line":52,"column":4},"end":{"line":54,"column":5}},{"start":{},"end":{}}],"line":52},"11":{"loc":{"start":{"line":87,"column":11},"end":{"line":87,"column":63}},"type":"cond-expr","locations":[{"start":{"line":87,"column":44},"end":{"line":87,"column":58}},{"start":{"line":87,"column":61},"end":{"line":87,"column":63}}],"line":87}},"s":{"0":5,"1":5,"2":5,"3":30,"4":3,"5":27,"6":1,"7":26,"8":2,"9":24,"10":24,"11":24,"12":24,"13":24,"14":24,"15":3,"16":5,"17":5,"18":1,"19":4,"20":1,"21":10,"22":10,"23":1,"24":11,"25":10,"26":10,"27":4,"28":4,"29":1,"30":1,"31":42,"32":42,"33":42,"34":0,"35":5},"f":{"0":30,"1":3,"2":5,"3":1,"4":10,"5":1,"6":11,"7":4,"8":1,"9":1,"10":42},"b":{"0":[29],"1":[30],"2":[30],"3":[2],"4":[3,27],"5":[30,28],"6":[1,26],"7":[2,24],"8":[26,25],"9":[2],"10":[1,4],"11":[1,0]},"_coverageSchema":"1a1c01bbd47fc00a2c39e90264f33305004495a9","hash":"34885de53c073ab937395a5ecc5fbbed64c01c4a"}
,"/Users/sidhantsharma/Desktop/DPS LAB/fragments/src/model/data/index.js": {"path":"/Users/sidhantsharma/Desktop/DPS LAB/fragments/src/model/data/index.js","statementMap":{"0":{"start":{"line":1,"column":0},"end":{"line":1,"column":37}}},"fnMap":{},"branchMap":{},"s":{"0":5},"f":{},"b":{},"_coverageSchema":"1a1c01bbd47fc00a2c39e90264f33305004495a9","hash":"18979c1852f7983a27375e321eef0add2f6546aa"}
,"/Users/sidhantsharma/Desktop/DPS LAB/fragments/src/model/data/memory/index.js": {"path":"/Users/sidhantsharma/Desktop/DPS LAB/fragments/src/model/data/memory/index.js","statementMap":{"0":{"start":{"line":1,"column":17},"end":{"line":1,"column":39}},"1":{"start":{"line":3,"column":13},"end":{"line":3,"column":27}},"2":{"start":{"line":4,"column":17},"end":{"line":4,"column":31}},"3":{"start":{"line":8,"column":2},"end":{"line":8,"column":63}},"4":{"start":{"line":13,"column":2},"end":{"line":13,"column":35}},"5":{"start":{"line":18,"column":2},"end":{"line":18,"column":39}},"6":{"start":{"line":23,"column":2},"end":{"line":23,"column":31}},"7":{"start":{"line":28,"column":20},"end":{"line":28,"column":49}},"8":{"start":{"line":31,"column":2},"end":{"line":33,"column":3}},"9":{"start":{"line":32,"column":4},"end":{"line":32,"column":21}},"10":{"start":{"line":36,"column":2},"end":{"line":36,"column":50}},"11":{"start":{"line":36,"column":37},"end":{"line":36,"column":48}},"12":{"start":{"line":41,"column":2},"end":{"line":46,"column":5}},"13":{"start":{"line":49,"column":0},"end":{"line":49,"column":45}},"14":{"start":{"line":50,"column":0},"end":{"line":50,"column":45}},"15":{"start":{"line":51,"column":0},"end":{"line":51,"column":43}},"16":{"start":{"line":52,"column":0},"end":{"line":52,"column":53}},"17":{"start":{"line":53,"column":0},"end":{"line":53,"column":51}},"18":{"start":{"line":54,"column":0},"end":{"line":54,"column":47}}},"fnMap":{"0":{"name":"writeFragment","decl":{"start":{"line":7,"column":9},"end":{"line":7,"column":22}},"loc":{"start":{"line":7,"column":33},"end":{"line":9,"column":1}},"line":7},"1":{"name":"readFragment","decl":{"start":{"line":12,"column":9},"end":{"line":12,"column":21}},"loc":{"start":{"line":12,"column":35},"end":{"line":14,"column":1}},"line":12},"2":{"name":"writeFragmentData","decl":{"start":{"line":17,"column":9},"end":{"line":17,"column":26}},"loc":{"start":{"line":17,"column":48},"end":{"line":19,"column":1}},"line":17},"3":{"name":"readFragmentData","decl":{"start":{"line":22,"column":9},"end":{"line":22,"column":25}},"loc":{"start":{"line":22,"column":39},"end":{"line":24,"column":1}},"line":22},"4":{"name":"listFragments","decl":{"start":{"line":27,"column":15},"end":{"line":27,"column":28}},"loc":{"start":{"line":27,"column":54},"end":{"line":37,"column":1}},"line":27},"5":{"name":"(anonymous_5)","decl":{"start":{"line":36,"column":23},"end":{"line":36,"column":24}},"loc":{"start":{"line":36,"column":37},"end":{"line":36,"column":48}},"line":36},"6":{"name":"deleteFragment","decl":{"start":{"line":40,"column":9},"end":{"line":40,"column":23}},"loc":{"start":{"line":40,"column":37},"end":{"line":47,"column":1}},"line":40}},"branchMap":{"0":{"loc":{"start":{"line":27,"column":38},"end":{"line":27,"column":52}},"type":"default-arg","locations":[{"start":{"line":27,"column":47},"end":{"line":27,"column":52}}],"line":27},"1":{"loc":{"start":{"line":31,"column":2},"end":{"line":33,"column":3}},"type":"if","locations":[{"start":{"line":31,"column":2},"end":{"line":33,"column":3}},{"start":{},"end":{}}],"line":31},"2":{"loc":{"start":{"line":31,"column":6},"end":{"line":31,"column":26}},"type":"binary-expr","locations":[{"start":{"line":31,"column":6},"end":{"line":31,"column":12}},{"start":{"line":31,"column":16},"end":{"line":31,"column":26}}],"line":31}},"s":{"0":5,"1":5,"2":5,"3":10,"4":5,"5":10,"6":1,"7":3,"8":3,"9":1,"10":2,"11":1,"12":1,"13":5,"14":5,"15":5,"16":5,"17":5,"18":5},"f":{"0":10,"1":5,"2":10,"3":1,"4":3,"5":1,"6":1},"b":{"0":[0],"1":[1,2],"2":[3,2]},"_coverageSchema":"1a1c01bbd47fc00a2c39e90264f33305004495a9","hash":"fed33d452f2dfc87871c5a6cad593811f74db545"}
,"/Users/sidhantsharma/Desktop/DPS LAB/fragments/src/model/data/memory/memory-db.js": {"path":"/Users/sidhantsharma/Desktop/DPS LAB/fragments/src/model/data/memory/memory-db.js","statementMap":{"0":{"start":{"line":1,"column":20},"end":{"line":1,"column":52}},"1":{"start":{"line":1,"column":29},"end":{"line":1,"column":52}},"2":{"start":{"line":6,"column":4},"end":{"line":6,"column":17}},"3":{"start":{"line":16,"column":4},"end":{"line":20,"column":5}},"4":{"start":{"line":17,"column":6},"end":{"line":19,"column":8}},"5":{"start":{"line":22,"column":15},"end":{"line":22,"column":22}},"6":{"start":{"line":23,"column":18},"end":{"line":23,"column":64}},"7":{"start":{"line":24,"column":4},"end":{"line":24,"column":34}},"8":{"start":{"line":34,"column":4},"end":{"line":38,"column":5}},"9":{"start":{"line":35,"column":6},"end":{"line":37,"column":8}},"10":{"start":{"line":40,"column":15},"end":{"line":40,"column":22}},"11":{"start":{"line":42,"column":4},"end":{"line":42,"column":42}},"12":{"start":{"line":44,"column":4},"end":{"line":44,"column":41}},"13":{"start":{"line":45,"column":4},"end":{"line":45,"column":29}},"14":{"start":{"line":55,"column":4},"end":{"line":57,"column":5}},"15":{"start":{"line":56,"column":6},"end":{"line":56,"column":85}},"16":{"start":{"line":60,"column":15},"end":{"line":60,"column":22}},"17":{"start":{"line":61,"column":19},"end":{"line":61,"column":70}},"18":{"start":{"line":62,"column":4},"end":{"line":62,"column":35}},"19":{"start":{"line":72,"column":4},"end":{"line":76,"column":5}},"20":{"start":{"line":73,"column":6},"end":{"line":75,"column":8}},"21":{"start":{"line":79,"column":4},"end":{"line":83,"column":5}},"22":{"start":{"line":80,"column":6},"end":{"line":82,"column":8}},"23":{"start":{"line":85,"column":15},"end":{"line":85,"column":22}},"24":{"start":{"line":86,"column":4},"end":{"line":86,"column":40}},"25":{"start":{"line":87,"column":4},"end":{"line":87,"column":29}},"26":{"start":{"line":91,"column":0},"end":{"line":91,"column":26}}},"fnMap":{"0":{"name":"(anonymous_0)","decl":{"start":{"line":1,"column":20},"end":{"line":1,"column":21}},"loc":{"start":{"line":1,"column":29},"end":{"line":1,"column":52}},"line":1},"1":{"name":"(anonymous_1)","decl":{"start":{"line":4,"column":2},"end":{"line":4,"column":3}},"loc":{"start":{"line":4,"column":16},"end":{"line":7,"column":3}},"line":4},"2":{"name":"(anonymous_2)","decl":{"start":{"line":15,"column":2},"end":{"line":15,"column":3}},"loc":{"start":{"line":15,"column":32},"end":{"line":25,"column":3}},"line":15},"3":{"name":"(anonymous_3)","decl":{"start":{"line":33,"column":2},"end":{"line":33,"column":3}},"loc":{"start":{"line":33,"column":39},"end":{"line":46,"column":3}},"line":33},"4":{"name":"(anonymous_4)","decl":{"start":{"line":54,"column":2},"end":{"line":54,"column":3}},"loc":{"start":{"line":54,"column":20},"end":{"line":63,"column":3}},"line":54},"5":{"name":"(anonymous_5)","decl":{"start":{"line":71,"column":2},"end":{"line":71,"column":3}},"loc":{"start":{"line":71,"column":38},"end":{"line":88,"column":3}},"line":71}},"branchMap":{"0":{"loc":{"start":{"line":16,"column":4},"end":{"line":20,"column":5}},"type":"if","locations":[{"start":{"line":16,"column":4},"end":{"line":20,"column":5}},{"start":{},"end":{}}],"line":16},"1":{"loc":{"start":{"line":16,"column":10},"end":{"line":16,"column":62}},"type":"binary-expr","locations":[{"start":{"line":16,"column":10},"end":{"line":16,"column":33}},{"start":{"line":16,"column":37},"end":{"line":16,"column":62}}],"line":16},"2":{"loc":{"start":{"line":23,"column":18},"end":{"line":23,"column":64}},"type":"binary-expr","locations":[{"start":{"line":23,"column":18},"end":{"line":23,"column":32}},{"start":{"line":23,"column":36},"end":{"line":23,"column":64}}],"line":23},"3":{"loc":{"start":{"line":34,"column":4},"end":{"line":38,"column":5}},"type":"if","locations":[{"start":{"line":34,"column":4},"end":{"line":38,"column":5}},{"start":{},"end":{}}],"line":34},"4":{"loc":{"start":{"line":34,"column":10},"end":{"line":34,"column":62}},"type":"binary-expr","locations":[{"start":{"line":34,"column":10},"end":{"line":34,"column":33}},{"start":{"line":34,"column":37},"end":{"line":34,"column":62}}],"line":34},"5":{"loc":{"start":{"line":42,"column":21},"end":{"line":42,"column":41}},"type":"binary-expr","locations":[{"start":{"line":42,"column":21},"end":{"line":42,"column":35}},{"start":{"line":42,"column":39},"end":{"line":42,"column":41}}],"line":42},"6":{"loc":{"start":{"line":55,"column":4},"end":{"line":57,"column":5}},"type":"if","locations":[{"start":{"line":55,"column":4},"end":{"line":57,"column":5}},{"start":{},"end":{}}],"line":55},"7":{"loc":{"start":{"line":61,"column":19},"end":{"line":61,"column":70}},"type":"cond-expr","locations":[{"start":{"line":61,"column":36},"end":{"line":61,"column":65}},{"start":{"line":61,"column":68},"end":{"line":61,"column":70}}],"line":61},"8":{"loc":{"start":{"line":72,"column":4},"end":{"line":76,"column":5}},"type":"if","locations":[{"start":{"line":72,"column":4},"end":{"line":76,"column":5}},{"start":{},"end":{}}],"line":72},"9":{"loc":{"start":{"line":72,"column":10},"end":{"line":72,"column":62}},"type":"binary-expr","locations":[{"start":{"line":72,"column":10},"end":{"line":72,"column":33}},{"start":{"line":72,"column":37},"end":{"line":72,"column":62}}],"line":72},"10":{"loc":{"start":{"line":79,"column":4},"end":{"line":83,"column":5}},"type":"if","locations":[{"start":{"line":79,"column":4},"end":{"line":83,"column":5}},{"start":{},"end":{}}],"line":79}},"s":{"0":7,"1":126,"2":23,"3":21,"4":3,"5":18,"6":18,"7":18,"8":35,"9":3,"10":32,"11":32,"12":32,"13":32,"14":7,"15":2,"16":5,"17":5,"18":5,"19":8,"20":3,"21":5,"22":1,"23":4,"24":4,"25":4,"26":7},"f":{"0":126,"1":23,"2":21,"3":35,"4":7,"5":8},"b":{"0":[3,18],"1":[21,18],"2":[18,17],"3":[3,32],"4":[35,32],"5":[32,18],"6":[2,5],"7":[3,2],"8":[3,5],"9":[8,5],"10":[1,4]},"_coverageSchema":"1a1c01bbd47fc00a2c39e90264f33305004495a9","hash":"d975774cf92c96ab39b0600c21af09d26a61f324"}
,"/Users/sidhantsharma/Desktop/DPS LAB/fragments/src/routes/index.js": {"path":"/Users/sidhantsharma/Desktop/DPS LAB/fragments/src/routes/index.js","statementMap":{"0":{"start":{"line":1,"column":16},"end":{"line":1,"column":34}},"1":{"start":{"line":2,"column":28},"end":{"line":2,"column":57}},"2":{"start":{"line":3,"column":25},"end":{"line":3,"column":43}},"3":{"start":{"line":5,"column":15},"end":{"line":5,"column":31}},"4":{"start":{"line":6,"column":0},"end":{"line":6,"column":52}},"5":{"start":{"line":9,"column":0},"end":{"line":20,"column":3}},"6":{"start":{"line":11,"column":4},"end":{"line":11,"column":47}},"7":{"start":{"line":14,"column":4},"end":{"line":19,"column":7}},"8":{"start":{"line":22,"column":0},"end":{"line":22,"column":24}}},"fnMap":{"0":{"name":"(anonymous_0)","decl":{"start":{"line":9,"column":16},"end":{"line":9,"column":17}},"loc":{"start":{"line":9,"column":30},"end":{"line":20,"column":1}},"line":9}},"branchMap":{},"s":{"0":4,"1":4,"2":4,"3":4,"4":4,"5":4,"6":4,"7":4,"8":4},"f":{"0":4},"b":{},"_coverageSchema":"1a1c01bbd47fc00a2c39e90264f33305004495a9","hash":"251a0853f86ec55ccc978ec134e9b34a1d530e14"}
,"/Users/sidhantsharma/Desktop/DPS LAB/fragments/src/routes/api/get.js": {"path":"/Users/sidhantsharma/Desktop/DPS LAB/fragments/src/routes/api/get.js","statementMap":{"0":{"start":{"line":6,"column":34},"end":{"line":6,"column":59}},"1":{"start":{"line":8,"column":0},"end":{"line":15,"column":2}},"2":{"start":{"line":9,"column":20},"end":{"line":9,"column":22}},"3":{"start":{"line":11,"column":2},"end":{"line":14,"column":6}}},"fnMap":{"0":{"name":"(anonymous_0)","decl":{"start":{"line":8,"column":17},"end":{"line":8,"column":18}},"loc":{"start":{"line":8,"column":31},"end":{"line":15,"column":1}},"line":8}},"branchMap":{},"s":{"0":4,"1":4,"2":1,"3":1},"f":{"0":1},"b":{},"_coverageSchema":"1a1c01bbd47fc00a2c39e90264f33305004495a9","hash":"da41e98d856736c682715bbbd490d15552d778fc"}
,"/Users/sidhantsharma/Desktop/DPS LAB/fragments/src/routes/api/index.js": {"path":"/Users/sidhantsharma/Desktop/DPS LAB/fragments/src/routes/api/index.js","statementMap":{"0":{"start":{"line":6,"column":16},"end":{"line":6,"column":34}},"1":{"start":{"line":8,"column":21},"end":{"line":8,"column":52}},"2":{"start":{"line":9,"column":20},"end":{"line":9,"column":43}},"3":{"start":{"line":12,"column":15},"end":{"line":12,"column":31}},"4":{"start":{"line":14,"column":16},"end":{"line":22,"column":4}},"5":{"start":{"line":15,"column":2},"end":{"line":22,"column":4}},"6":{"start":{"line":19,"column":23},"end":{"line":19,"column":45}},"7":{"start":{"line":20,"column":6},"end":{"line":20,"column":44}},"8":{"start":{"line":24,"column":0},"end":{"line":24,"column":43}},"9":{"start":{"line":28,"column":0},"end":{"line":28,"column":56}},"10":{"start":{"line":30,"column":0},"end":{"line":30,"column":24}}},"fnMap":{"0":{"name":"(anonymous_0)","decl":{"start":{"line":14,"column":16},"end":{"line":14,"column":17}},"loc":{"start":{"line":15,"column":2},"end":{"line":22,"column":4}},"line":15},"1":{"name":"(anonymous_1)","decl":{"start":{"line":18,"column":10},"end":{"line":18,"column":11}},"loc":{"start":{"line":18,"column":19},"end":{"line":21,"column":5}},"line":18}},"branchMap":{},"s":{"0":4,"1":4,"2":4,"3":4,"4":4,"5":4,"6":4,"7":4,"8":4,"9":4,"10":4},"f":{"0":4,"1":4},"b":{},"_coverageSchema":"1a1c01bbd47fc00a2c39e90264f33305004495a9","hash":"bb74daf2f93ab570a6882090dc76c13056848c47"}
,"/Users/sidhantsharma/Desktop/DPS LAB/fragments/src/routes/api/post.js": {"path":"/Users/sidhantsharma/Desktop/DPS LAB/fragments/src/routes/api/post.js","statementMap":{"0":{"start":{"line":1,"column":21},"end":{"line":1,"column":52}},"1":{"start":{"line":2,"column":20},"end":{"line":2,"column":43}},"2":{"start":{"line":3,"column":16},"end":{"line":3,"column":34}},"3":{"start":{"line":4,"column":15},"end":{"line":4,"column":31}},"4":{"start":{"line":6,"column":0},"end":{"line":31,"column":2}},"5":{"start":{"line":8,"column":21},"end":{"line":8,"column":67}},"6":{"start":{"line":9,"column":4},"end":{"line":11,"column":5}},"7":{"start":{"line":10,"column":6},"end":{"line":10,"column":92}},"8":{"start":{"line":13,"column":21},"end":{"line":17,"column":6}},"9":{"start":{"line":19,"column":4},"end":{"line":19,"column":37}},"10":{"start":{"line":20,"column":4},"end":{"line":20,"column":26}},"11":{"start":{"line":22,"column":20},"end":{"line":22,"column":71}},"12":{"start":{"line":23,"column":21},"end":{"line":23,"column":80}},"13":{"start":{"line":24,"column":4},"end":{"line":24,"column":40}},"14":{"start":{"line":27,"column":25},"end":{"line":27,"column":40}},"15":{"start":{"line":28,"column":4},"end":{"line":28,"column":54}},"16":{"start":{"line":29,"column":4},"end":{"line":29,"column":39}},"17":{"start":{"line":33,"column":0},"end":{"line":33,"column":24}}},"fnMap":{"0":{"name":"(anonymous_0)","decl":{"start":{"line":6,"column":26},"end":{"line":6,"column":27}},"loc":{"start":{"line":6,"column":46},"end":{"line":30,"column":3}},"line":6}},"branchMap":{"0":{"loc":{"start":{"line":9,"column":4},"end":{"line":11,"column":5}},"type":"if","locations":[{"start":{"line":9,"column":4},"end":{"line":11,"column":5}},{"start":{},"end":{}}],"line":9},"1":{"loc":{"start":{"line":22,"column":20},"end":{"line":22,"column":71}},"type":"binary-expr","locations":[{"start":{"line":22,"column":20},"end":{"line":22,"column":39}},{"start":{"line":22,"column":43},"end":{"line":22,"column":71}}],"line":22}},"s":{"0":4,"1":4,"2":4,"3":4,"4":4,"5":4,"6":4,"7":1,"8":3,"9":3,"10":3,"11":3,"12":3,"13":3,"14":3,"15":3,"16":3,"17":4},"f":{"0":4},"b":{"0":[1,3],"1":[3,3]},"_coverageSchema":"1a1c01bbd47fc00a2c39e90264f33305004495a9","hash":"0d341c4365205c5a13c718dbc31c83b00036aa8a"}
}
