{"/Users/sidhantsharma/Desktop/DSP LAB/fragments/src/app.js": {"path":"/Users/sidhantsharma/Desktop/DSP LAB/fragments/src/app.js","statementMap":{"0":{"start":{"line":3,"column":16},"end":{"line":3,"column":34}},"1":{"start":{"line":4,"column":13},"end":{"line":4,"column":28}},"2":{"start":{"line":5,"column":15},"end":{"line":5,"column":32}},"3":{"start":{"line":6,"column":20},"end":{"line":6,"column":42}},"4":{"start":{"line":8,"column":15},"end":{"line":8,"column":34}},"5":{"start":{"line":9,"column":13},"end":{"line":12,"column":2}},"6":{"start":{"line":15,"column":12},"end":{"line":15,"column":21}},"7":{"start":{"line":18,"column":0},"end":{"line":18,"column":14}},"8":{"start":{"line":21,"column":0},"end":{"line":21,"column":18}},"9":{"start":{"line":24,"column":0},"end":{"line":24,"column":16}},"10":{"start":{"line":27,"column":0},"end":{"line":27,"column":23}},"11":{"start":{"line":30,"column":17},"end":{"line":30,"column":36}},"12":{"start":{"line":32,"column":21},"end":{"line":32,"column":38}},"13":{"start":{"line":35,"column":0},"end":{"line":35,"column":23}},"14":{"start":{"line":38,"column":0},"end":{"line":38,"column":38}},"15":{"start":{"line":39,"column":0},"end":{"line":39,"column":31}},"16":{"start":{"line":45,"column":0},"end":{"line":45,"column":34}},"17":{"start":{"line":48,"column":0},"end":{"line":56,"column":3}},"18":{"start":{"line":49,"column":2},"end":{"line":55,"column":5}},"19":{"start":{"line":60,"column":0},"end":{"line":78,"column":3}},"20":{"start":{"line":63,"column":17},"end":{"line":63,"column":34}},"21":{"start":{"line":64,"column":18},"end":{"line":64,"column":60}},"22":{"start":{"line":67,"column":2},"end":{"line":69,"column":3}},"23":{"start":{"line":68,"column":4},"end":{"line":68,"column":54}},"24":{"start":{"line":71,"column":2},"end":{"line":77,"column":5}},"25":{"start":{"line":81,"column":0},"end":{"line":81,"column":21}}},"fnMap":{"0":{"name":"(anonymous_0)","decl":{"start":{"line":48,"column":8},"end":{"line":48,"column":9}},"loc":{"start":{"line":48,"column":22},"end":{"line":56,"column":1}},"line":48},"1":{"name":"(anonymous_1)","decl":{"start":{"line":60,"column":8},"end":{"line":60,"column":9}},"loc":{"start":{"line":60,"column":33},"end":{"line":78,"column":1}},"line":60}},"branchMap":{"0":{"loc":{"start":{"line":63,"column":17},"end":{"line":63,"column":34}},"type":"binary-expr","locations":[{"start":{"line":63,"column":17},"end":{"line":63,"column":27}},{"start":{"line":63,"column":31},"end":{"line":63,"column":34}}],"line":63},"1":{"loc":{"start":{"line":64,"column":18},"end":{"line":64,"column":60}},"type":"binary-expr","locations":[{"start":{"line":64,"column":18},"end":{"line":64,"column":29}},{"start":{"line":64,"column":33},"end":{"line":64,"column":60}}],"line":64},"2":{"loc":{"start":{"line":67,"column":2},"end":{"line":69,"column":3}},"type":"if","locations":[{"start":{"line":67,"column":2},"end":{"line":69,"column":3}},{"start":{},"end":{}}],"line":67}},"s":{"0":2,"1":2,"2":2,"3":2,"4":2,"5":2,"6":2,"7":2,"8":2,"9":2,"10":2,"11":2,"12":2,"13":2,"14":2,"15":2,"16":2,"17":2,"18":0,"19":2,"20":0,"21":0,"22":0,"23":0,"24":0,"25":2},"f":{"0":0,"1":0},"b":{"0":[0,0],"1":[0,0],"2":[0,0]},"_coverageSchema":"1a1c01bbd47fc00a2c39e90264f33305004495a9","hash":"a8eb1121c5802469f16e0e1937da2fd6c07238b8"}
,"/Users/sidhantsharma/Desktop/DSP LAB/fragments/src/logger.js": {"path":"/Users/sidhantsharma/Desktop/DSP LAB/fragments/src/logger.js","statementMap":{"0":{"start":{"line":2,"column":16},"end":{"line":2,"column":34}},"1":{"start":{"line":5,"column":16},"end":{"line":5,"column":58}},"2":{"start":{"line":8,"column":0},"end":{"line":16,"column":1}},"3":{"start":{"line":10,"column":2},"end":{"line":15,"column":4}},"4":{"start":{"line":20,"column":0},"end":{"line":20,"column":42}}},"fnMap":{},"branchMap":{"0":{"loc":{"start":{"line":5,"column":25},"end":{"line":5,"column":56}},"type":"binary-expr","locations":[{"start":{"line":5,"column":25},"end":{"line":5,"column":46}},{"start":{"line":5,"column":50},"end":{"line":5,"column":56}}],"line":5},"1":{"loc":{"start":{"line":8,"column":0},"end":{"line":16,"column":1}},"type":"if","locations":[{"start":{"line":8,"column":0},"end":{"line":16,"column":1}},{"start":{},"end":{}}],"line":8}},"s":{"0":2,"1":2,"2":2,"3":0,"4":2},"f":{},"b":{"0":[2,0],"1":[0,2]},"_coverageSchema":"1a1c01bbd47fc00a2c39e90264f33305004495a9","hash":"f95ba1e2f72aabdc20f4dd275f7cedb8577a26f2"}
,"/Users/sidhantsharma/Desktop/DSP LAB/fragments/src/response.js": {"path":"/Users/sidhantsharma/Desktop/DSP LAB/fragments/src/response.js","statementMap":{"0":{"start":{"line":12,"column":0},"end":{"line":19,"column":4}},"1":{"start":{"line":13,"column":4},"end":{"line":18,"column":6}},"2":{"start":{"line":33,"column":2},"end":{"line":41,"column":4}},"3":{"start":{"line":34,"column":4},"end":{"line":40,"column":6}}},"fnMap":{"0":{"name":"(anonymous_0)","decl":{"start":{"line":12,"column":39},"end":{"line":12,"column":40}},"loc":{"start":{"line":12,"column":55},"end":{"line":19,"column":3}},"line":12},"1":{"name":"(anonymous_1)","decl":{"start":{"line":33,"column":39},"end":{"line":33,"column":40}},"loc":{"start":{"line":33,"column":64},"end":{"line":41,"column":3}},"line":33}},"branchMap":{},"s":{"0":1,"1":2,"2":1,"3":1},"f":{"0":2,"1":1},"b":{},"_coverageSchema":"1a1c01bbd47fc00a2c39e90264f33305004495a9","hash":"05540c98f2acaeebf91949a61700890d428ce9d0"}
,"/Users/sidhantsharma/Desktop/DSP LAB/fragments/src/auth/basic-auth.js": {"path":"/Users/sidhantsharma/Desktop/DSP LAB/fragments/src/auth/basic-auth.js","statementMap":{"0":{"start":{"line":6,"column":13},"end":{"line":6,"column":33}},"1":{"start":{"line":7,"column":17},"end":{"line":7,"column":36}},"2":{"start":{"line":8,"column":21},"end":{"line":8,"column":50}},"3":{"start":{"line":11,"column":0},"end":{"line":13,"column":1}},"4":{"start":{"line":12,"column":2},"end":{"line":12,"column":61}},"5":{"start":{"line":15,"column":0},"end":{"line":22,"column":4}},"6":{"start":{"line":18,"column":2},"end":{"line":22,"column":3}},"7":{"start":{"line":24,"column":0},"end":{"line":24,"column":86}},"8":{"start":{"line":24,"column":36},"end":{"line":24,"column":85}}},"fnMap":{"0":{"name":"(anonymous_0)","decl":{"start":{"line":15,"column":26},"end":{"line":15,"column":27}},"loc":{"start":{"line":18,"column":2},"end":{"line":22,"column":3}},"line":18},"1":{"name":"(anonymous_1)","decl":{"start":{"line":24,"column":30},"end":{"line":24,"column":31}},"loc":{"start":{"line":24,"column":36},"end":{"line":24,"column":85}},"line":24}},"branchMap":{"0":{"loc":{"start":{"line":11,"column":0},"end":{"line":13,"column":1}},"type":"if","locations":[{"start":{"line":11,"column":0},"end":{"line":13,"column":1}},{"start":{},"end":{}}],"line":11}},"s":{"0":2,"1":2,"2":2,"3":2,"4":0,"5":2,"6":2,"7":2,"8":2},"f":{"0":2,"1":2},"b":{"0":[0,2]},"_coverageSchema":"1a1c01bbd47fc00a2c39e90264f33305004495a9","hash":"3758d352d7720444675bcae4466d7a9aed5759b0"}
,"/Users/sidhantsharma/Desktop/DSP LAB/fragments/src/auth/index.js": {"path":"/Users/sidhantsharma/Desktop/DSP LAB/fragments/src/auth/index.js","statementMap":{"0":{"start":{"line":4,"column":0},"end":{"line":14,"column":3}},"1":{"start":{"line":5,"column":4},"end":{"line":5,"column":42}},"2":{"start":{"line":8,"column":7},"end":{"line":14,"column":3}},"3":{"start":{"line":9,"column":4},"end":{"line":9,"column":45}},"4":{"start":{"line":13,"column":4},"end":{"line":13,"column":78}}},"fnMap":{},"branchMap":{"0":{"loc":{"start":{"line":4,"column":0},"end":{"line":14,"column":3}},"type":"if","locations":[{"start":{"line":4,"column":0},"end":{"line":14,"column":3}},{"start":{"line":8,"column":7},"end":{"line":14,"column":3}}],"line":4},"1":{"loc":{"start":{"line":4,"column":4},"end":{"line":4,"column":72}},"type":"binary-expr","locations":[{"start":{"line":4,"column":4},"end":{"line":4,"column":35}},{"start":{"line":4,"column":39},"end":{"line":4,"column":72}}],"line":4},"2":{"loc":{"start":{"line":8,"column":7},"end":{"line":14,"column":3}},"type":"if","locations":[{"start":{"line":8,"column":7},"end":{"line":14,"column":3}},{"start":{"line":12,"column":7},"end":{"line":14,"column":3}}],"line":8},"3":{"loc":{"start":{"line":8,"column":11},"end":{"line":8,"column":73}},"type":"binary-expr","locations":[{"start":{"line":8,"column":11},"end":{"line":8,"column":36}},{"start":{"line":8,"column":40},"end":{"line":8,"column":73}}],"line":8}},"s":{"0":2,"1":0,"2":2,"3":2,"4":0},"f":{},"b":{"0":[0,2],"1":[2,0],"2":[2,0],"3":[2,2]},"_coverageSchema":"1a1c01bbd47fc00a2c39e90264f33305004495a9","hash":"c4e8352b3a60b689b1fefd34c80000b34020927a"}
,"/Users/sidhantsharma/Desktop/DSP LAB/fragments/src/routes/index.js": {"path":"/Users/sidhantsharma/Desktop/DSP LAB/fragments/src/routes/index.js","statementMap":{"0":{"start":{"line":1,"column":16},"end":{"line":1,"column":34}},"1":{"start":{"line":2,"column":28},"end":{"line":2,"column":57}},"2":{"start":{"line":3,"column":25},"end":{"line":3,"column":43}},"3":{"start":{"line":5,"column":15},"end":{"line":5,"column":31}},"4":{"start":{"line":6,"column":0},"end":{"line":6,"column":52}},"5":{"start":{"line":10,"column":0},"end":{"line":23,"column":5}},"6":{"start":{"line":13,"column":4},"end":{"line":13,"column":47}},"7":{"start":{"line":16,"column":4},"end":{"line":22,"column":7}},"8":{"start":{"line":25,"column":2},"end":{"line":25,"column":26}}},"fnMap":{"0":{"name":"(anonymous_0)","decl":{"start":{"line":10,"column":16},"end":{"line":10,"column":17}},"loc":{"start":{"line":10,"column":30},"end":{"line":23,"column":3}},"line":10}},"branchMap":{},"s":{"0":2,"1":2,"2":2,"3":2,"4":2,"5":2,"6":4,"7":4,"8":2},"f":{"0":4},"b":{},"_coverageSchema":"1a1c01bbd47fc00a2c39e90264f33305004495a9","hash":"b6505719330fa051a59e70007848fa974b4e7e41"}
,"/Users/sidhantsharma/Desktop/DSP LAB/fragments/src/routes/api/get.js": {"path":"/Users/sidhantsharma/Desktop/DSP LAB/fragments/src/routes/api/get.js","statementMap":{"0":{"start":{"line":6,"column":0},"end":{"line":12,"column":4}},"1":{"start":{"line":8,"column":4},"end":{"line":11,"column":7}}},"fnMap":{"0":{"name":"(anonymous_0)","decl":{"start":{"line":6,"column":17},"end":{"line":6,"column":18}},"loc":{"start":{"line":6,"column":31},"end":{"line":12,"column":3}},"line":6}},"branchMap":{},"s":{"0":2,"1":1},"f":{"0":1},"b":{},"_coverageSchema":"1a1c01bbd47fc00a2c39e90264f33305004495a9","hash":"c0b53df7ccb988562fdaf6c4859c3b193a2b1b3c"}
,"/Users/sidhantsharma/Desktop/DSP LAB/fragments/src/routes/api/index.js": {"path":"/Users/sidhantsharma/Desktop/DSP LAB/fragments/src/routes/api/index.js","statementMap":{"0":{"start":{"line":6,"column":16},"end":{"line":6,"column":34}},"1":{"start":{"line":9,"column":15},"end":{"line":9,"column":31}},"2":{"start":{"line":12,"column":0},"end":{"line":12,"column":43}},"3":{"start":{"line":16,"column":0},"end":{"line":16,"column":24}}},"fnMap":{},"branchMap":{},"s":{"0":2,"1":2,"2":2,"3":2},"f":{},"b":{},"_coverageSchema":"1a1c01bbd47fc00a2c39e90264f33305004495a9","hash":"286ee0e8da71ac323bf330230bb3c22360db40b4"}
}
