TN:
SF:src/app.js
FN:39,(anonymous_0)
FN:51,(anonymous_1)
FNF:2
FNH:1
FNDA:1,(anonymous_0)
FNDA:0,(anonymous_1)
DA:1,4
DA:2,4
DA:3,4
DA:4,4
DA:5,4
DA:6,4
DA:7,4
DA:8,4
DA:14,4
DA:17,4
DA:20,4
DA:23,4
DA:26,4
DA:29,4
DA:30,4
DA:36,4
DA:39,4
DA:40,1
DA:51,4
DA:54,0
DA:55,0
DA:58,0
DA:59,0
DA:62,0
DA:72,4
LF:25
LH:20
BRDA:54,0,0,0
BRDA:54,0,1,0
BRDA:55,1,0,0
BRDA:55,1,1,0
BRDA:58,2,0,0
BRDA:58,2,1,0
BRF:6
BRH:0
end_of_record
TN:
SF:src/hash.js
FN:22,(anonymous_0)
FNF:1
FNH:1
FNDA:8,(anonymous_0)
DA:16,5
DA:22,8
LF:2
LH:2
BRF:0
BRH:0
end_of_record
TN:
SF:src/logger.js
FNF:0
FNH:0
DA:2,4
DA:5,4
DA:8,4
DA:10,0
DA:20,4
LF:5
LH:4
BRDA:5,0,0,4
BRDA:5,0,1,0
BRDA:8,1,0,0
BRDA:8,1,1,4
BRF:4
BRH:2
end_of_record
TN:
SF:src/response.js
FN:12,(anonymous_0)
FN:33,(anonymous_1)
FNF:2
FNH:2
FNDA:3,(anonymous_0)
FNDA:4,(anonymous_1)
DA:12,5
DA:13,3
DA:33,5
DA:34,4
LF:4
LH:4
BRF:0
BRH:0
end_of_record
TN:
SF:src/auth/auth-middleware.js
FN:11,(anonymous_0)
FN:12,(anonymous_1)
FN:19,callback
FNF:3
FNH:3
FNDA:4,(anonymous_0)
FNDA:8,(anonymous_1)
FNDA:8,callback
DA:1,4
DA:3,4
DA:4,4
DA:5,4
DA:11,4
DA:12,4
DA:21,8
DA:22,0
DA:23,0
DA:27,8
DA:28,3
DA:32,5
DA:33,5
DA:36,5
DA:41,8
LF:15
LH:13
BRDA:21,0,0,0
BRDA:21,0,1,8
BRDA:27,1,0,3
BRDA:27,1,1,5
BRF:4
BRH:3
end_of_record
TN:
SF:src/auth/basic-auth.js
FN:16,(anonymous_0)
FN:25,(anonymous_1)
FN:27,(anonymous_2)
FNF:3
FNH:2
FNDA:4,(anonymous_0)
FNDA:0,(anonymous_1)
FNDA:4,(anonymous_2)
DA:6,4
DA:7,4
DA:8,4
DA:9,4
DA:12,4
DA:13,0
DA:16,4
DA:19,4
DA:25,4
DA:27,4
LF:10
LH:9
BRDA:12,0,0,0
BRDA:12,0,1,4
BRF:2
BRH:1
end_of_record
TN:
SF:src/auth/index.js
FNF:0
FNH:0
DA:4,4
DA:5,0
DA:8,4
DA:9,4
DA:13,0
LF:5
LH:3
BRDA:4,0,0,0
BRDA:4,0,1,4
BRDA:4,1,0,4
BRDA:4,1,1,0
BRDA:8,2,0,4
BRDA:8,2,1,0
BRDA:8,3,0,4
BRDA:8,3,1,4
BRF:8
BRH:5
end_of_record
TN:
SF:src/model/fragment.js
FN:15,(anonymous_0)
FN:46,(anonymous_1)
FN:50,(anonymous_2)
FN:58,(anonymous_3)
FN:62,(anonymous_4)
FN:67,(anonymous_5)
FN:71,(anonymous_6)
FN:77,(anonymous_7)
FN:82,(anonymous_8)
FN:86,(anonymous_9)
FN:90,(anonymous_10)
FNF:11
FNH:11
FNDA:30,(anonymous_0)
FNDA:3,(anonymous_1)
FNDA:5,(anonymous_2)
FNDA:1,(anonymous_3)
FNDA:10,(anonymous_4)
FNDA:1,(anonymous_5)
FNDA:11,(anonymous_6)
FNDA:4,(anonymous_7)
FNDA:1,(anonymous_8)
FNDA:1,(anonymous_9)
FNDA:42,(anonymous_10)
DA:3,5
DA:4,5
DA:12,5
DA:24,30
DA:25,3
DA:29,27
DA:30,1
DA:34,26
DA:35,2
DA:38,24
DA:39,24
DA:40,24
DA:41,24
DA:42,24
DA:43,24
DA:47,3
DA:51,5
DA:52,5
DA:53,1
DA:55,4
DA:59,1
DA:63,10
DA:64,10
DA:68,1
DA:72,11
DA:73,10
DA:74,10
DA:78,4
DA:79,4
DA:83,1
DA:87,1
DA:92,42
DA:93,42
DA:94,42
DA:97,0
DA:102,5
LF:36
LH:35
BRDA:16,0,0,29
BRDA:18,1,0,30
BRDA:19,2,0,30
BRDA:21,3,0,2
BRDA:24,4,0,3
BRDA:24,4,1,27
BRDA:24,5,0,30
BRDA:24,5,1,28
BRDA:29,6,0,1
BRDA:29,6,1,26
BRDA:34,7,0,2
BRDA:34,7,1,24
BRDA:34,8,0,26
BRDA:34,8,1,25
BRDA:46,9,0,2
BRDA:52,10,0,1
BRDA:52,10,1,4
BRDA:87,11,0,1
BRDA:87,11,1,0
BRF:19
BRH:18
end_of_record
TN:
SF:src/model/data/index.js
FNF:0
FNH:0
DA:1,5
LF:1
LH:1
BRF:0
BRH:0
end_of_record
TN:
SF:src/model/data/memory/index.js
FN:7,writeFragment
FN:12,readFragment
FN:17,writeFragmentData
FN:22,readFragmentData
FN:27,listFragments
FN:36,(anonymous_5)
FN:40,deleteFragment
FNF:7
FNH:7
FNDA:10,writeFragment
FNDA:5,readFragment
FNDA:10,writeFragmentData
FNDA:1,readFragmentData
FNDA:3,listFragments
FNDA:1,(anonymous_5)
FNDA:1,deleteFragment
DA:1,5
DA:3,5
DA:4,5
DA:8,10
DA:13,5
DA:18,10
DA:23,1
DA:28,3
DA:31,3
DA:32,1
DA:36,2
DA:41,1
DA:49,5
DA:50,5
DA:51,5
DA:52,5
DA:53,5
DA:54,5
LF:18
LH:18
BRDA:27,0,0,0
BRDA:31,1,0,1
BRDA:31,1,1,2
BRDA:31,2,0,3
BRDA:31,2,1,2
BRF:5
BRH:4
end_of_record
TN:
SF:src/model/data/memory/memory-db.js
FN:1,(anonymous_0)
FN:4,(anonymous_1)
FN:15,(anonymous_2)
FN:33,(anonymous_3)
FN:54,(anonymous_4)
FN:71,(anonymous_5)
FNF:6
FNH:6
FNDA:126,(anonymous_0)
FNDA:23,(anonymous_1)
FNDA:21,(anonymous_2)
FNDA:35,(anonymous_3)
FNDA:7,(anonymous_4)
FNDA:8,(anonymous_5)
DA:1,126
DA:6,23
DA:16,21
DA:17,3
DA:22,18
DA:23,18
DA:24,18
DA:34,35
DA:35,3
DA:40,32
DA:42,32
DA:44,32
DA:45,32
DA:55,7
DA:56,2
DA:60,5
DA:61,5
DA:62,5
DA:72,8
DA:73,3
DA:79,5
DA:80,1
DA:85,4
DA:86,4
DA:87,4
DA:91,7
LF:26
LH:26
BRDA:16,0,0,3
BRDA:16,0,1,18
BRDA:16,1,0,21
BRDA:16,1,1,18
BRDA:23,2,0,18
BRDA:23,2,1,17
BRDA:34,3,0,3
BRDA:34,3,1,32
BRDA:34,4,0,35
BRDA:34,4,1,32
BRDA:42,5,0,32
BRDA:42,5,1,18
BRDA:55,6,0,2
BRDA:55,6,1,5
BRDA:61,7,0,3
BRDA:61,7,1,2
BRDA:72,8,0,3
BRDA:72,8,1,5
BRDA:72,9,0,8
BRDA:72,9,1,5
BRDA:79,10,0,1
BRDA:79,10,1,4
BRF:22
BRH:22
end_of_record
TN:
SF:src/routes/index.js
FN:9,(anonymous_0)
FNF:1
FNH:1
FNDA:4,(anonymous_0)
DA:1,4
DA:2,4
DA:3,4
DA:5,4
DA:6,4
DA:9,4
DA:11,4
DA:14,4
DA:22,4
LF:9
LH:9
BRF:0
BRH:0
end_of_record
TN:
SF:src/routes/api/get.js
FN:8,(anonymous_0)
FNF:1
FNH:1
FNDA:1,(anonymous_0)
DA:6,4
DA:8,4
DA:9,1
DA:11,1
LF:4
LH:4
BRF:0
BRH:0
end_of_record
TN:
SF:src/routes/api/index.js
FN:14,(anonymous_0)
FN:18,(anonymous_1)
FNF:2
FNH:2
FNDA:4,(anonymous_0)
FNDA:4,(anonymous_1)
DA:6,4
DA:8,4
DA:9,4
DA:12,4
DA:14,4
DA:15,4
DA:19,4
DA:20,4
DA:24,4
DA:28,4
DA:30,4
LF:11
LH:11
BRF:0
BRH:0
end_of_record
TN:
SF:src/routes/api/post.js
FN:6,(anonymous_0)
FNF:1
FNH:1
FNDA:4,(anonymous_0)
DA:1,4
DA:2,4
DA:3,4
DA:4,4
DA:6,4
DA:8,4
DA:9,4
DA:10,1
DA:13,3
DA:19,3
DA:20,3
DA:22,3
DA:23,3
DA:24,3
DA:27,3
DA:28,3
DA:29,3
DA:33,4
LF:18
LH:18
BRDA:9,0,0,1
BRDA:9,0,1,3
BRDA:22,1,0,3
BRDA:22,1,1,3
BRF:4
BRH:4
end_of_record
